Traceback (most recent call last):
  File "/home/aim/anaconda3/lib/python3.12/site-packages/jupyter_cache/executors/utils.py", line 58, in single_nb_execution
    executenb(
  File "/home/aim/anaconda3/lib/python3.12/site-packages/nbclient/client.py", line 1305, in execute
    return NotebookClient(nb=nb, resources=resources, km=km, **kwargs).execute()
           ^^^^^^^^^^^^^^^^^^^^^^^^^^^^^^^^^^^^^^^^^^^^^^^^^^^^^^^^^^^^^^^^^^^^^
  File "/home/aim/anaconda3/lib/python3.12/site-packages/jupyter_core/utils/__init__.py", line 165, in wrapped
    return loop.run_until_complete(inner)
           ^^^^^^^^^^^^^^^^^^^^^^^^^^^^^^
  File "/home/aim/anaconda3/lib/python3.12/asyncio/base_events.py", line 687, in run_until_complete
    return future.result()
           ^^^^^^^^^^^^^^^
  File "/home/aim/anaconda3/lib/python3.12/site-packages/nbclient/client.py", line 705, in async_execute
    await self.async_execute_cell(
  File "/home/aim/anaconda3/lib/python3.12/site-packages/nbclient/client.py", line 1058, in async_execute_cell
    await self._check_raise_for_error(cell, cell_index, exec_reply)
  File "/home/aim/anaconda3/lib/python3.12/site-packages/nbclient/client.py", line 914, in _check_raise_for_error
    raise CellExecutionError.from_cell_and_msg(cell, exec_reply_content)
nbclient.exceptions.CellExecutionError: An error occurred while executing the following cell:
------------------
# Calculate Cramér's V
n = contingency_table.sum().sum()  # Total number of observations
cramers_v = np.sqrt(
    chi2_stat / (n * (min(contingency_table.shape) - 1))
)

print(f"Degrees of Freedom: {dof}")
print(f"Cramér's V: {cramers_v:.4f}")
------------------


[0;31m---------------------------------------------------------------------------[0m
[0;31mNameError[0m                                 Traceback (most recent call last)
Cell [0;32mIn[5], line 2[0m
[1;32m      1[0m [38;5;66;03m# Calculate Cramér's V[39;00m
[0;32m----> 2[0m n [38;5;241m=[39m [43mcontingency_table[49m[38;5;241m.[39msum()[38;5;241m.[39msum()  [38;5;66;03m# Total number of observations[39;00m
[1;32m      3[0m cramers_v [38;5;241m=[39m np[38;5;241m.[39msqrt(
[1;32m      4[0m     chi2_stat [38;5;241m/[39m (n [38;5;241m*[39m ([38;5;28mmin[39m(contingency_table[38;5;241m.[39mshape) [38;5;241m-[39m [38;5;241m1[39m))
[1;32m      5[0m )
[1;32m      7[0m [38;5;28mprint[39m([38;5;124mf[39m[38;5;124m"[39m[38;5;124mDegrees of Freedom: [39m[38;5;132;01m{[39;00mdof[38;5;132;01m}[39;00m[38;5;124m"[39m)

[0;31mNameError[0m: name 'contingency_table' is not defined

